[2017-03-15 11:27:06] requirements_debian_update_system
requirements_debian_update_system () 
{ 
    __rvm_try_sudo apt-get --quiet --yes update || { 
        \typeset __ret=$?;
        case ${__ret} in 
            100)
                rvm_error "There has been error while updating 'apt-get', please give it some time and try again later.
404 errors should be fixed for rvm to proceed. Check your sources configured in:
    /etc/apt/sources.list
    /etc/apt/sources.list.d/*.list
"
            ;;
        esac;
        return ${__ret}
    }
}
current path: /home/quirky30
PATH=/home/quirky30/bin:/home/quirky30/.local/bin:/usr/local/sbin:/usr/local/bin:/usr/sbin:/usr/bin:/sbin:/bin:/usr/games:/usr/local/games:/snap/bin:/home/quirky30/.rvm/bin
command(2): requirements_debian_update_system ruby-2.3.3
++ __rvm_try_sudo apt-get --quiet --yes update
++ typeset -a command_to_run
++ typeset sudo_path sbin_path missing_paths
++ command_to_run=("$@")
++ ((  UID == 0  ))
++ case "$rvm_autolibs_flag_number" in
++ is_a_function __rvm_sudo
++ typeset -f __rvm_sudo
++ missing_paths=
++ for sbin_path in /sbin /usr/sbin /usr/local/sbin
++ [[ -d /sbin ]]
++ [[ :/home/quirky30/bin:/home/quirky30/.local/bin:/usr/local/sbin:/usr/local/bin:/usr/sbin:/usr/bin:/sbin:/bin:/usr/games:/usr/local/games:/snap/bin:/home/quirky30/.rvm/bin: != *\:\/\s\b\i\n\:* ]]
++ for sbin_path in /sbin /usr/sbin /usr/local/sbin
++ [[ -d /usr/sbin ]]
++ [[ :/home/quirky30/bin:/home/quirky30/.local/bin:/usr/local/sbin:/usr/local/bin:/usr/sbin:/usr/bin:/sbin:/bin:/usr/games:/usr/local/games:/snap/bin:/home/quirky30/.rvm/bin: != *\:\/\u\s\r\/\s\b\i\n\:* ]]
++ for sbin_path in /sbin /usr/sbin /usr/local/sbin
++ [[ -d /usr/local/sbin ]]
++ [[ :/home/quirky30/bin:/home/quirky30/.local/bin:/usr/local/sbin:/usr/local/bin:/usr/sbin:/usr/bin:/sbin:/bin:/usr/games:/usr/local/games:/snap/bin:/home/quirky30/.rvm/bin: != *\:\/\u\s\r\/\l\o\c\a\l\/\s\b\i\n\:* ]]
++ [[ -n '' ]]
++ command_to_run=(__rvm_sudo -p "%p password required for '$*': " "${command_to_run[@]}")
++ __rvm_sudo -p '%p password required for '\''apt-get --quiet --yes update'\'': ' apt-get --quiet --yes update
++ command sudo -p '%p password required for '\''apt-get --quiet --yes update'\'': ' apt-get --quiet --yes update
++ sudo -p '%p password required for '\''apt-get --quiet --yes update'\'': ' apt-get --quiet --yes update
Hit:1 http://za.archive.ubuntu.com/ubuntu xenial InRelease
Get:2 http://security.ubuntu.com/ubuntu xenial-security InRelease [102 kB]
Get:3 http://za.archive.ubuntu.com/ubuntu xenial-updates InRelease [102 kB]
Get:4 http://za.archive.ubuntu.com/ubuntu xenial-backports InRelease [102 kB]
Get:5 http://za.archive.ubuntu.com/ubuntu xenial-updates/main amd64 Packages [492 kB]
Get:6 http://za.archive.ubuntu.com/ubuntu xenial-updates/main i386 Packages [483 kB]
Get:7 http://security.ubuntu.com/ubuntu xenial-security/main amd64 DEP-11 Metadata [54.3 kB]
Get:8 http://za.archive.ubuntu.com/ubuntu xenial-updates/main amd64 DEP-11 Metadata [288 kB]
Get:9 http://za.archive.ubuntu.com/ubuntu xenial-updates/main DEP-11 64x64 Icons [186 kB]
Get:10 http://za.archive.ubuntu.com/ubuntu xenial-updates/universe amd64 Packages [435 kB]
Get:11 http://security.ubuntu.com/ubuntu xenial-security/main DEP-11 64x64 Icons [42.4 kB]
Get:12 http://security.ubuntu.com/ubuntu xenial-security/universe amd64 DEP-11 Metadata [32.1 kB]
Get:13 http://za.archive.ubuntu.com/ubuntu xenial-updates/universe i386 Packages [426 kB]
Get:14 http://za.archive.ubuntu.com/ubuntu xenial-updates/universe amd64 DEP-11 Metadata [159 kB]
Get:15 http://za.archive.ubuntu.com/ubuntu xenial-updates/universe DEP-11 64x64 Icons [184 kB]
Get:16 http://security.ubuntu.com/ubuntu xenial-security/universe DEP-11 64x64 Icons [31.4 kB]
Get:17 http://za.archive.ubuntu.com/ubuntu xenial-updates/multiverse amd64 DEP-11 Metadata [2,520 B]
Get:18 http://za.archive.ubuntu.com/ubuntu xenial-backports/main amd64 DEP-11 Metadata [3,328 B]
AppStream cache update completed, but some metadata was ignored due to errors.
Fetched 3,126 kB in 12s (260 kB/s)
Reading package lists...
